<?xml version="1.0" encoding="UTF-8"?>
<!-- Generated by org.testng.reporters.JUnitReportReporter -->
<testsuite hostname="Pranit-Dhole07" failures="0" tests="4" name="payments_tests.NewCreditNote" time="106.619" errors="0" timestamp="2022-11-17T12:49:08 IST" skipped="0">
  <testcase classname="payments_tests.NewCreditNote" name="creditnote_Product" time="23.961"/>
  <system-out/>
  <testcase classname="payments_tests.NewCreditNote" name="creditnote_Procedure" time="21.424"/>
  <system-out/>
  <testcase classname="payments_tests.NewCreditNote" name="creditnote_Procedure" time="19.559"/>
  <system-out/>
  <testcase classname="payments_tests.NewCreditNote" name="creditnote_Product" time="41.675"/>
  <system-out/>
</testsuite> <!-- payments_tests.NewCreditNote -->
