<?xml version="1.0" encoding="UTF-8"?>
<!-- Generated by org.testng.reporters.JUnitReportReporter -->
<testsuite hostname="Pranit-Dhole07" failures="0" tests="1" name="payments_tests.CreditNotes" time="30.760" errors="0" timestamp="2022-11-16T19:32:13 IST" skipped="0">
  <testcase classname="payments_tests.CreditNotes" name="Create_creditnote" time="30.760"/>
  <system-out/>
</testsuite> <!-- payments_tests.CreditNotes -->
