<?xml version="1.0" encoding="UTF-8"?>
<!-- Generated by org.testng.reporters.JUnitReportReporter -->
<testsuite hostname="Pranit-Dhole07" failures="0" tests="5" name="login_Roles_tests.LoginDiffRoles" time="143.036" errors="0" timestamp="2022-11-17T12:49:08 IST" skipped="0">
  <testcase classname="login_Roles_tests.LoginDiffRoles" name="DifferentRolesLogin" time="27.144"/>
  <system-out/>
  <testcase classname="login_Roles_tests.LoginDiffRoles" name="DifferentRolesLogin" time="31.381"/>
  <system-out/>
  <testcase classname="login_Roles_tests.LoginDiffRoles" name="DifferentRolesLogin" time="29.583"/>
  <system-out/>
  <testcase classname="login_Roles_tests.LoginDiffRoles" name="DifferentRolesLogin" time="27.820"/>
  <system-out/>
  <testcase classname="login_Roles_tests.LoginDiffRoles" name="DifferentRolesLogin" time="27.108"/>
  <system-out/>
</testsuite> <!-- login_Roles_tests.LoginDiffRoles -->
