<?xml version="1.0" encoding="UTF-8"?>
<!-- Generated by org.testng.reporters.JUnitReportReporter -->
<testsuite hostname="Pranit-Dhole07" failures="0" tests="2" name="payments_tests.CN2" time="76.998" errors="0" timestamp="2022-11-17T11:54:47 IST" skipped="0">
  <testcase classname="payments_tests.CN2" name="creditnote_Procedure" time="45.699"/>
  <system-out/>
  <testcase classname="payments_tests.CN2" name="creditnote_Procedure" time="31.299"/>
  <system-out/>
</testsuite> <!-- payments_tests.CN2 -->
