<?xml version="1.0" encoding="UTF-8"?>
<!-- Generated by org.testng.reporters.JUnitReportReporter -->
<testsuite hostname="Pranit-Dhole07" failures="0" tests="1" name="appointments_tests.Counselling_appointment_test" time="30.404" errors="0" timestamp="2022-11-17T12:49:08 IST" skipped="0">
  <testcase classname="appointments_tests.Counselling_appointment_test" name="CounsellingAppoinmentS" time="30.404"/>
  <system-out/>
</testsuite> <!-- appointments_tests.Counselling_appointment_test -->
