<?xml version="1.0" encoding="UTF-8"?>
<!-- Generated by org.testng.reporters.JUnitReportReporter -->
<testsuite hostname="Pranit-Dhole07" failures="0" tests="3" name="feedback_tests.NewFeedback" time="91.968" errors="0" timestamp="2022-11-17T12:49:08 IST" skipped="0">
  <testcase classname="feedback_tests.NewFeedback" name="Create_Feedback" time="36.965"/>
  <system-out/>
  <testcase classname="feedback_tests.NewFeedback" name="Share_FeedbackMail" time="18.704"/>
  <system-out/>
  <testcase classname="feedback_tests.NewFeedback" name="Share_FeedbackWAP" time="36.299"/>
  <system-out/>
</testsuite> <!-- feedback_tests.NewFeedback -->
