<?xml version="1.0" encoding="UTF-8"?>
<!-- Generated by org.testng.reporters.JUnitReportReporter -->
<testsuite hostname="Pranit-Dhole07" failures="0" tests="3" name="payments_tests.RetainerInvoice" time="130.017" errors="0" timestamp="2022-11-17T12:49:08 IST" skipped="0">
  <testcase classname="payments_tests.RetainerInvoice" name="NewRetainerInvoice" time="45.177"/>
  <system-out/>
  <testcase classname="payments_tests.RetainerInvoice" name="NewRetainerInvoice" time="40.282"/>
  <system-out/>
  <testcase classname="payments_tests.RetainerInvoice" name="NewRetainerInvoice" time="44.558"/>
  <system-out/>
</testsuite> <!-- payments_tests.RetainerInvoice -->
