<?xml version="1.0" encoding="UTF-8"?>
<!-- Generated by org.testng.reporters.JUnitReportReporter -->
<testsuite hostname="Pranit-Dhole07" failures="0" tests="1" name="appointments_tests.Consultation_appointment_test" time="39.047" errors="0" timestamp="2022-11-17T12:49:08 IST" skipped="0">
  <testcase classname="appointments_tests.Consultation_appointment_test" name="ConsultationAppoinment" time="39.047"/>
  <system-out/>
</testsuite> <!-- appointments_tests.Consultation_appointment_test -->
